<?xml version="1.0" encoding="UTF-8"?>
<coverage generated="1769777931812" clover="3.2.0">
  <project timestamp="1769777931812" name="All files">
    <metrics statements="173" coveredstatements="116" conditionals="152" coveredconditionals="98" methods="20" coveredmethods="17" elements="345" coveredelements="231" complexity="0" loc="173" ncloc="173" packages="2" files="4" classes="4"/>
    <package name="src">
      <metrics statements="156" coveredstatements="101" conditionals="139" coveredconditionals="92" methods="15" coveredmethods="12"/>
      <file name="alertImage.png" path="/Users/tharunm/Work/mobileapps/react-native-app-update-helper/src/alertImage.png">
        <metrics statements="1" coveredstatements="1" conditionals="0" coveredconditionals="0" methods="0" coveredmethods="0"/>
        <line num="1" count="5" type="stmt"/>
      </file>
      <file name="index.tsx" path="/Users/tharunm/Work/mobileapps/react-native-app-update-helper/src/index.tsx">
        <metrics statements="155" coveredstatements="100" conditionals="139" coveredconditionals="92" methods="15" coveredmethods="12"/>
        <line num="59" count="5" type="stmt"/>
        <line num="60" count="5" type="stmt"/>
        <line num="62" count="5" type="stmt"/>
        <line num="63" count="5" type="stmt"/>
        <line num="65" count="5" type="stmt"/>
        <line num="85" count="35" type="stmt"/>
        <line num="86" count="35" type="stmt"/>
        <line num="89" count="35" type="stmt"/>
        <line num="90" count="35" type="stmt"/>
        <line num="91" count="35" type="stmt"/>
        <line num="93" count="35" type="stmt"/>
        <line num="94" count="0" type="stmt"/>
        <line num="95" count="0" type="stmt"/>
        <line num="96" count="0" type="stmt"/>
        <line num="97" count="0" type="stmt"/>
        <line num="100" count="0" type="cond" truecount="0" falsecount="4"/>
        <line num="101" count="0" type="stmt"/>
        <line num="103" count="0" type="stmt"/>
        <line num="104" count="0" type="stmt"/>
        <line num="105" count="0" type="stmt"/>
        <line num="107" count="0" type="stmt"/>
        <line num="108" count="0" type="stmt"/>
        <line num="112" count="0" type="cond" truecount="0" falsecount="2"/>
        <line num="113" count="0" type="cond" truecount="0" falsecount="2"/>
        <line num="115" count="0" type="cond" truecount="0" falsecount="2"/>
        <line num="116" count="0" type="cond" truecount="0" falsecount="2"/>
        <line num="117" count="0" type="stmt"/>
        <line num="120" count="0" type="cond" truecount="0" falsecount="2"/>
        <line num="121" count="0" type="stmt"/>
        <line num="125" count="0" type="stmt"/>
        <line num="126" count="0" type="stmt"/>
        <line num="128" count="0" type="stmt"/>
        <line num="131" count="0" type="stmt"/>
        <line num="132" count="0" type="stmt"/>
        <line num="134" count="0" type="stmt"/>
        <line num="135" count="0" type="cond" truecount="0" falsecount="2"/>
        <line num="136" count="0" type="stmt"/>
        <line num="137" count="0" type="stmt"/>
        <line num="138" count="0" type="stmt"/>
        <line num="142" count="0" type="stmt"/>
        <line num="143" count="0" type="stmt"/>
        <line num="146" count="0" type="stmt"/>
        <line num="150" count="35" type="stmt"/>
        <line num="151" count="17" type="stmt"/>
        <line num="152" count="17" type="stmt"/>
        <line num="153" count="17" type="stmt"/>
        <line num="154" count="17" type="stmt"/>
        <line num="156" count="17" type="cond" truecount="3" falsecount="1"/>
        <line num="157" count="17" type="stmt"/>
        <line num="158" count="17" type="stmt"/>
        <line num="159" count="17" type="stmt"/>
        <line num="160" count="17" type="stmt"/>
        <line num="162" count="17" type="stmt"/>
        <line num="163" count="17" type="stmt"/>
        <line num="167" count="43" type="cond" truecount="2" falsecount="0"/>
        <line num="168" count="43" type="cond" truecount="2" falsecount="0"/>
        <line num="170" count="43" type="cond" truecount="2" falsecount="0"/>
        <line num="171" count="14" type="cond" truecount="2" falsecount="0"/>
        <line num="172" count="6" type="stmt"/>
        <line num="175" count="6" type="cond" truecount="1" falsecount="1"/>
        <line num="176" count="6" type="stmt"/>
        <line num="180" count="6" type="stmt"/>
        <line num="181" count="6" type="stmt"/>
        <line num="183" count="0" type="stmt"/>
        <line num="186" count="8" type="stmt"/>
        <line num="187" count="8" type="stmt"/>
        <line num="189" count="14" type="stmt"/>
        <line num="190" count="29" type="cond" truecount="1" falsecount="1"/>
        <line num="191" count="0" type="stmt"/>
        <line num="192" count="0" type="stmt"/>
        <line num="193" count="0" type="stmt"/>
        <line num="197" count="3" type="stmt"/>
        <line num="198" count="3" type="stmt"/>
        <line num="201" count="0" type="stmt"/>
        <line num="205" count="35" type="stmt"/>
        <line num="206" count="2" type="cond" truecount="1" falsecount="1"/>
        <line num="207" count="0" type="stmt"/>
        <line num="208" count="0" type="stmt"/>
        <line num="210" count="0" type="stmt"/>
        <line num="214" count="0" type="cond" truecount="0" falsecount="4"/>
        <line num="215" count="0" type="stmt"/>
        <line num="216" count="0" type="stmt"/>
        <line num="219" count="2" type="stmt"/>
        <line num="221" count="2" type="stmt"/>
        <line num="222" count="2" type="stmt"/>
        <line num="226" count="2" type="cond" truecount="4" falsecount="0"/>
        <line num="227" count="1" type="stmt"/>
        <line num="230" count="1" type="cond" truecount="3" falsecount="1"/>
        <line num="231" count="1" type="stmt"/>
        <line num="232" count="1" type="stmt"/>
        <line num="238" count="35" type="stmt"/>
        <line num="239" count="15" type="stmt"/>
        <line num="240" count="15" type="stmt"/>
        <line num="243" count="15" type="cond" truecount="2" falsecount="0"/>
        <line num="244" count="3" type="cond" truecount="1" falsecount="1"/>
        <line num="245" count="0" type="stmt"/>
        <line num="247" count="3" type="stmt"/>
        <line num="252" count="3" type="cond" truecount="2" falsecount="0"/>
        <line num="253" count="1" type="stmt"/>
        <line num="254" count="1" type="stmt"/>
        <line num="256" count="2" type="stmt"/>
        <line num="260" count="12" type="stmt"/>
        <line num="266" count="0" type="stmt"/>
        <line num="270" count="35" type="stmt"/>
        <line num="271" count="5" type="cond" truecount="1" falsecount="1"/>
        <line num="274" count="35" type="stmt"/>
        <line num="275" count="17" type="cond" truecount="1" falsecount="1"/>
        <line num="276" count="17" type="stmt"/>
        <line num="278" count="0" type="stmt"/>
        <line num="280" count="17" type="cond" truecount="2" falsecount="0"/>
        <line num="281" count="15" type="stmt"/>
        <line num="293" count="35" type="stmt"/>
        <line num="300" count="0" type="stmt"/>
        <line num="382" count="1" type="stmt"/>
        <line num="426" count="5" type="stmt"/>
        <line num="448" count="16" type="stmt"/>
        <line num="449" count="16" type="stmt"/>
        <line num="451" count="16" type="stmt"/>
        <line num="452" count="2" type="cond" truecount="1" falsecount="1"/>
        <line num="453" count="0" type="stmt"/>
        <line num="454" count="0" type="stmt"/>
        <line num="455" count="0" type="stmt"/>
        <line num="459" count="0" type="cond" truecount="0" falsecount="4"/>
        <line num="460" count="0" type="stmt"/>
        <line num="461" count="0" type="stmt"/>
        <line num="464" count="2" type="stmt"/>
        <line num="466" count="2" type="stmt"/>
        <line num="467" count="2" type="stmt"/>
        <line num="471" count="2" type="cond" truecount="4" falsecount="0"/>
        <line num="472" count="1" type="stmt"/>
        <line num="475" count="1" type="cond" truecount="3" falsecount="1"/>
        <line num="476" count="1" type="stmt"/>
        <line num="477" count="1" type="stmt"/>
        <line num="483" count="16" type="stmt"/>
        <line num="484" count="11" type="stmt"/>
        <line num="485" count="11" type="stmt"/>
        <line num="488" count="11" type="cond" truecount="2" falsecount="0"/>
        <line num="489" count="3" type="cond" truecount="1" falsecount="1"/>
        <line num="490" count="0" type="stmt"/>
        <line num="492" count="3" type="stmt"/>
        <line num="497" count="3" type="cond" truecount="2" falsecount="0"/>
        <line num="498" count="1" type="stmt"/>
        <line num="499" count="1" type="stmt"/>
        <line num="501" count="2" type="stmt"/>
        <line num="505" count="8" type="stmt"/>
        <line num="511" count="0" type="stmt"/>
        <line num="515" count="16" type="stmt"/>
        <line num="516" count="4" type="cond" truecount="1" falsecount="1"/>
        <line num="519" count="16" type="stmt"/>
        <line num="520" count="12" type="cond" truecount="2" falsecount="0"/>
        <line num="521" count="11" type="stmt"/>
        <line num="532" count="16" type="stmt"/>
        <line num="539" count="0" type="stmt"/>
        <line num="664" count="5" type="stmt"/>
        <line num="682" count="5" type="stmt"/>
      </file>
    </package>
    <package name="src.components">
      <metrics statements="17" coveredstatements="15" conditionals="13" coveredconditionals="6" methods="5" coveredmethods="5"/>
      <file name="AppUpdatedOverlay.tsx" path="/Users/tharunm/Work/mobileapps/react-native-app-update-helper/src/components/AppUpdatedOverlay.tsx">
        <metrics statements="8" coveredstatements="8" conditionals="12" coveredconditionals="5" methods="3" coveredmethods="3"/>
        <line num="13" count="5" type="stmt"/>
        <line num="28" count="5" type="stmt"/>
        <line num="40" count="8" type="stmt"/>
        <line num="42" count="8" type="stmt"/>
        <line num="85" count="8" type="stmt"/>
        <line num="108" count="4" type="stmt"/>
        <line num="132" count="5" type="stmt"/>
        <line num="149" count="5" type="stmt"/>
      </file>
      <file name="store.tsx" path="/Users/tharunm/Work/mobileapps/react-native-app-update-helper/src/components/store.tsx">
        <metrics statements="9" coveredstatements="7" conditionals="1" coveredconditionals="1" methods="2" coveredmethods="2"/>
        <line num="8" count="5" type="stmt"/>
        <line num="11" count="32" type="stmt"/>
        <line num="12" count="32" type="stmt"/>
        <line num="14" count="32" type="stmt"/>
        <line num="16" count="0" type="stmt"/>
        <line num="20" count="5" type="stmt"/>
        <line num="24" count="32" type="stmt"/>
        <line num="25" count="32" type="stmt"/>
        <line num="27" count="0" type="stmt"/>
      </file>
    </package>
  </project>
</coverage>
