{"/Users/tharunm/Work/mobileapps/react-native-app-update-helper/src/alertImage.png": {"path":"/Users/tharunm/Work/mobileapps/react-native-app-update-helper/src/alertImage.png","statementMap":{"0":{"start":{"line":1,"column":0},"end":{"line":4,"column":6}}},"fnMap":{},"branchMap":{},"s":{"0":5},"f":{},"b":{},"_coverageSchema":"1a1c01bbd47fc00a2c39e90264f33305004495a9","hash":"6d4322ac8555ccb06c51c173c80d76bbe3918bcd"}
,"/Users/tharunm/Work/mobileapps/react-native-app-update-helper/src/index.tsx": {"path":"/Users/tharunm/Work/mobileapps/react-native-app-update-helper/src/index.tsx","statementMap":{"0":{"start":{"line":59,"column":18},"end":{"line":59,"column":42}},"1":{"start":{"line":60,"column":14},"end":{"line":60,"column":41}},"2":{"start":{"line":62,"column":37},"end":{"line":62,"column":55}},"3":{"start":{"line":63,"column":34},"end":{"line":63,"column":52}},"4":{"start":{"line":65,"column":33},"end":{"line":424,"column":1}},"5":{"start":{"line":85,"column":4},"end":{"line":85,"column":28}},"6":{"start":{"line":86,"column":52},"end":{"line":88,"column":3}},"7":{"start":{"line":89,"column":42},"end":{"line":89,"column":66}},"8":{"start":{"line":90,"column":48},"end":{"line":90,"column":68}},"9":{"start":{"line":91,"column":44},"end":{"line":91,"column":56}},"10":{"start":{"line":93,"column":33},"end":{"line":148,"column":40}},"11":{"start":{"line":94,"column":4},"end":{"line":147,"column":5}},"12":{"start":{"line":95,"column":33},"end":{"line":95,"column":62}},"13":{"start":{"line":96,"column":29},"end":{"line":96,"column":60}},"14":{"start":{"line":97,"column":37},"end":{"line":99,"column":7}},"15":{"start":{"line":100,"column":6},"end":{"line":144,"column":7}},"16":{"start":{"line":101,"column":30},"end":{"line":101,"column":62}},"17":{"start":{"line":103,"column":36},"end":{"line":103,"column":73}},"18":{"start":{"line":104,"column":35},"end":{"line":104,"column":71}},"19":{"start":{"line":105,"column":8},"end":{"line":105,"column":40}},"20":{"start":{"line":107,"column":8},"end":{"line":140,"column":9}},"21":{"start":{"line":108,"column":18},"end":{"line":108,"column":19}},"22":{"start":{"line":112,"column":30},"end":{"line":112,"column":57}},"23":{"start":{"line":113,"column":29},"end":{"line":113,"column":55}},"24":{"start":{"line":115,"column":10},"end":{"line":139,"column":11}},"25":{"start":{"line":116,"column":12},"end":{"line":133,"column":13}},"26":{"start":{"line":117,"column":28},"end":{"line":119,"column":16}},"27":{"start":{"line":120,"column":14},"end":{"line":129,"column":15}},"28":{"start":{"line":121,"column":16},"end":{"line":124,"column":19}},"29":{"start":{"line":125,"column":16},"end":{"line":125,"column":43}},"30":{"start":{"line":126,"column":16},"end":{"line":126,"column":56}},"31":{"start":{"line":128,"column":16},"end":{"line":128,"column":57}},"32":{"start":{"line":131,"column":14},"end":{"line":131,"column":42}},"33":{"start":{"line":132,"column":14},"end":{"line":132,"column":54}},"34":{"start":{"line":134,"column":12},"end":{"line":134,"column":19}},"35":{"start":{"line":135,"column":17},"end":{"line":139,"column":11}},"36":{"start":{"line":136,"column":12},"end":{"line":136,"column":53}},"37":{"start":{"line":137,"column":12},"end":{"line":137,"column":40}},"38":{"start":{"line":138,"column":12},"end":{"line":138,"column":19}},"39":{"start":{"line":142,"column":8},"end":{"line":142,"column":49}},"40":{"start":{"line":143,"column":8},"end":{"line":143,"column":36}},"41":{"start":{"line":146,"column":6},"end":{"line":146,"column":72}},"42":{"start":{"line":150,"column":31},"end":{"line":203,"column":36}},"43":{"start":{"line":151,"column":4},"end":{"line":202,"column":5}},"44":{"start":{"line":152,"column":31},"end":{"line":152,"column":56}},"45":{"start":{"line":153,"column":27},"end":{"line":153,"column":56}},"46":{"start":{"line":154,"column":35},"end":{"line":154,"column":74}},"47":{"start":{"line":156,"column":6},"end":{"line":199,"column":7}},"48":{"start":{"line":157,"column":30},"end":{"line":157,"column":60}},"49":{"start":{"line":158,"column":36},"end":{"line":158,"column":73}},"50":{"start":{"line":159,"column":35},"end":{"line":159,"column":71}},"51":{"start":{"line":160,"column":8},"end":{"line":160,"column":40}},"52":{"start":{"line":162,"column":8},"end":{"line":195,"column":9}},"53":{"start":{"line":163,"column":18},"end":{"line":163,"column":19}},"54":{"start":{"line":167,"column":30},"end":{"line":167,"column":57}},"55":{"start":{"line":168,"column":29},"end":{"line":168,"column":55}},"56":{"start":{"line":170,"column":10},"end":{"line":194,"column":11}},"57":{"start":{"line":171,"column":12},"end":{"line":188,"column":13}},"58":{"start":{"line":172,"column":28},"end":{"line":174,"column":16}},"59":{"start":{"line":175,"column":14},"end":{"line":184,"column":15}},"60":{"start":{"line":176,"column":16},"end":{"line":179,"column":19}},"61":{"start":{"line":180,"column":16},"end":{"line":180,"column":43}},"62":{"start":{"line":181,"column":16},"end":{"line":181,"column":56}},"63":{"start":{"line":183,"column":16},"end":{"line":183,"column":57}},"64":{"start":{"line":186,"column":14},"end":{"line":186,"column":42}},"65":{"start":{"line":187,"column":14},"end":{"line":187,"column":54}},"66":{"start":{"line":189,"column":12},"end":{"line":189,"column":19}},"67":{"start":{"line":190,"column":17},"end":{"line":194,"column":11}},"68":{"start":{"line":191,"column":12},"end":{"line":191,"column":53}},"69":{"start":{"line":192,"column":12},"end":{"line":192,"column":40}},"70":{"start":{"line":193,"column":12},"end":{"line":193,"column":19}},"71":{"start":{"line":197,"column":8},"end":{"line":197,"column":49}},"72":{"start":{"line":198,"column":8},"end":{"line":198,"column":36}},"73":{"start":{"line":201,"column":6},"end":{"line":201,"column":64}},"74":{"start":{"line":205,"column":24},"end":{"line":236,"column":38}},"75":{"start":{"line":206,"column":4},"end":{"line":235,"column":5}},"76":{"start":{"line":207,"column":33},"end":{"line":207,"column":62}},"77":{"start":{"line":208,"column":29},"end":{"line":208,"column":60}},"78":{"start":{"line":210,"column":26},"end":{"line":212,"column":7}},"79":{"start":{"line":214,"column":6},"end":{"line":217,"column":7}},"80":{"start":{"line":215,"column":8},"end":{"line":215,"column":43}},"81":{"start":{"line":216,"column":8},"end":{"line":216,"column":30}},"82":{"start":{"line":219,"column":31},"end":{"line":219,"column":56}},"83":{"start":{"line":221,"column":27},"end":{"line":221,"column":56}},"84":{"start":{"line":222,"column":33},"end":{"line":224,"column":7}},"85":{"start":{"line":226,"column":6},"end":{"line":234,"column":7}},"86":{"start":{"line":227,"column":28},"end":{"line":229,"column":9}},"87":{"start":{"line":230,"column":8},"end":{"line":233,"column":9}},"88":{"start":{"line":231,"column":10},"end":{"line":231,"column":45}},"89":{"start":{"line":232,"column":10},"end":{"line":232,"column":32}},"90":{"start":{"line":238,"column":29},"end":{"line":268,"column":58}},"91":{"start":{"line":239,"column":4},"end":{"line":267,"column":5}},"92":{"start":{"line":240,"column":28},"end":{"line":242,"column":8}},"93":{"start":{"line":243,"column":6},"end":{"line":264,"column":7}},"94":{"start":{"line":244,"column":8},"end":{"line":258,"column":9}},"95":{"start":{"line":245,"column":10},"end":{"line":245,"column":33}},"96":{"start":{"line":247,"column":10},"end":{"line":250,"column":13}},"97":{"start":{"line":252,"column":10},"end":{"line":257,"column":11}},"98":{"start":{"line":253,"column":12},"end":{"line":253,"column":52}},"99":{"start":{"line":254,"column":12},"end":{"line":254,"column":34}},"100":{"start":{"line":256,"column":12},"end":{"line":256,"column":28}},"101":{"start":{"line":260,"column":8},"end":{"line":263,"column":11}},"102":{"start":{"line":266,"column":6},"end":{"line":266,"column":52}},"103":{"start":{"line":270,"column":32},"end":{"line":272,"column":3}},"104":{"start":{"line":271,"column":4},"end":{"line":271,"column":76}},"105":{"start":{"line":274,"column":2},"end":{"line":291,"column":5}},"106":{"start":{"line":275,"column":4},"end":{"line":279,"column":5}},"107":{"start":{"line":276,"column":6},"end":{"line":276,"column":29}},"108":{"start":{"line":278,"column":6},"end":{"line":278,"column":31}},"109":{"start":{"line":280,"column":4},"end":{"line":282,"column":5}},"110":{"start":{"line":281,"column":6},"end":{"line":281,"column":27}},"111":{"start":{"line":293,"column":2},"end":{"line":423,"column":4}},"112":{"start":{"line":300,"column":10},"end":{"line":300,"column":51}},"113":{"start":{"line":382,"column":35},"end":{"line":382,"column":75}},"114":{"start":{"line":426,"column":35},"end":{"line":662,"column":1}},"115":{"start":{"line":448,"column":42},"end":{"line":448,"column":66}},"116":{"start":{"line":449,"column":48},"end":{"line":449,"column":68}},"117":{"start":{"line":451,"column":24},"end":{"line":481,"column":38}},"118":{"start":{"line":452,"column":4},"end":{"line":480,"column":5}},"119":{"start":{"line":453,"column":33},"end":{"line":453,"column":62}},"120":{"start":{"line":454,"column":29},"end":{"line":454,"column":60}},"121":{"start":{"line":455,"column":26},"end":{"line":457,"column":7}},"122":{"start":{"line":459,"column":6},"end":{"line":462,"column":7}},"123":{"start":{"line":460,"column":8},"end":{"line":460,"column":43}},"124":{"start":{"line":461,"column":8},"end":{"line":461,"column":30}},"125":{"start":{"line":464,"column":31},"end":{"line":464,"column":56}},"126":{"start":{"line":466,"column":27},"end":{"line":466,"column":56}},"127":{"start":{"line":467,"column":33},"end":{"line":469,"column":7}},"128":{"start":{"line":471,"column":6},"end":{"line":479,"column":7}},"129":{"start":{"line":472,"column":28},"end":{"line":474,"column":9}},"130":{"start":{"line":475,"column":8},"end":{"line":478,"column":9}},"131":{"start":{"line":476,"column":10},"end":{"line":476,"column":45}},"132":{"start":{"line":477,"column":10},"end":{"line":477,"column":32}},"133":{"start":{"line":483,"column":29},"end":{"line":513,"column":58}},"134":{"start":{"line":484,"column":4},"end":{"line":512,"column":5}},"135":{"start":{"line":485,"column":28},"end":{"line":487,"column":8}},"136":{"start":{"line":488,"column":6},"end":{"line":509,"column":7}},"137":{"start":{"line":489,"column":8},"end":{"line":503,"column":9}},"138":{"start":{"line":490,"column":10},"end":{"line":490,"column":33}},"139":{"start":{"line":492,"column":10},"end":{"line":495,"column":13}},"140":{"start":{"line":497,"column":10},"end":{"line":502,"column":11}},"141":{"start":{"line":498,"column":12},"end":{"line":498,"column":52}},"142":{"start":{"line":499,"column":12},"end":{"line":499,"column":34}},"143":{"start":{"line":501,"column":12},"end":{"line":501,"column":28}},"144":{"start":{"line":505,"column":8},"end":{"line":508,"column":11}},"145":{"start":{"line":511,"column":6},"end":{"line":511,"column":52}},"146":{"start":{"line":515,"column":32},"end":{"line":517,"column":3}},"147":{"start":{"line":516,"column":4},"end":{"line":516,"column":76}},"148":{"start":{"line":519,"column":2},"end":{"line":530,"column":5}},"149":{"start":{"line":520,"column":4},"end":{"line":522,"column":5}},"150":{"start":{"line":521,"column":6},"end":{"line":521,"column":27}},"151":{"start":{"line":532,"column":2},"end":{"line":661,"column":4}},"152":{"start":{"line":539,"column":10},"end":{"line":539,"column":33}},"153":{"start":{"line":664,"column":19},"end":{"line":680,"column":1}},"154":{"start":{"line":682,"column":15},"end":{"line":738,"column":2}}},"fnMap":{"0":{"name":"(anonymous_0)","decl":{"start":{"line":65,"column":33},"end":{"line":65,"column":34}},"loc":{"start":{"line":83,"column":35},"end":{"line":424,"column":1}},"line":83},"1":{"name":"(anonymous_1)","decl":{"start":{"line":93,"column":45},"end":{"line":93,"column":46}},"loc":{"start":{"line":93,"column":57},"end":{"line":148,"column":3}},"line":93},"2":{"name":"(anonymous_2)","decl":{"start":{"line":150,"column":43},"end":{"line":150,"column":44}},"loc":{"start":{"line":150,"column":55},"end":{"line":203,"column":3}},"line":150},"3":{"name":"(anonymous_3)","decl":{"start":{"line":205,"column":36},"end":{"line":205,"column":37}},"loc":{"start":{"line":205,"column":48},"end":{"line":236,"column":3}},"line":205},"4":{"name":"(anonymous_4)","decl":{"start":{"line":238,"column":41},"end":{"line":238,"column":42}},"loc":{"start":{"line":238,"column":53},"end":{"line":268,"column":3}},"line":238},"5":{"name":"(anonymous_5)","decl":{"start":{"line":270,"column":32},"end":{"line":270,"column":33}},"loc":{"start":{"line":270,"column":38},"end":{"line":272,"column":3}},"line":270},"6":{"name":"(anonymous_6)","decl":{"start":{"line":274,"column":12},"end":{"line":274,"column":13}},"loc":{"start":{"line":274,"column":18},"end":{"line":283,"column":3}},"line":274},"7":{"name":"(anonymous_7)","decl":{"start":{"line":299,"column":24},"end":{"line":299,"column":25}},"loc":{"start":{"line":299,"column":30},"end":{"line":301,"column":9}},"line":299},"8":{"name":"(anonymous_8)","decl":{"start":{"line":382,"column":29},"end":{"line":382,"column":30}},"loc":{"start":{"line":382,"column":35},"end":{"line":382,"column":75}},"line":382},"9":{"name":"(anonymous_9)","decl":{"start":{"line":426,"column":35},"end":{"line":426,"column":36}},"loc":{"start":{"line":447,"column":37},"end":{"line":662,"column":1}},"line":447},"10":{"name":"(anonymous_10)","decl":{"start":{"line":451,"column":36},"end":{"line":451,"column":37}},"loc":{"start":{"line":451,"column":48},"end":{"line":481,"column":3}},"line":451},"11":{"name":"(anonymous_11)","decl":{"start":{"line":483,"column":41},"end":{"line":483,"column":42}},"loc":{"start":{"line":483,"column":53},"end":{"line":513,"column":3}},"line":483},"12":{"name":"(anonymous_12)","decl":{"start":{"line":515,"column":32},"end":{"line":515,"column":33}},"loc":{"start":{"line":515,"column":38},"end":{"line":517,"column":3}},"line":515},"13":{"name":"(anonymous_13)","decl":{"start":{"line":519,"column":12},"end":{"line":519,"column":13}},"loc":{"start":{"line":519,"column":18},"end":{"line":523,"column":3}},"line":519},"14":{"name":"(anonymous_14)","decl":{"start":{"line":538,"column":24},"end":{"line":538,"column":25}},"loc":{"start":{"line":538,"column":30},"end":{"line":540,"column":9}},"line":538}},"branchMap":{"0":{"loc":{"start":{"line":69,"column":2},"end":{"line":69,"column":14}},"type":"default-arg","locations":[{"start":{"line":69,"column":9},"end":{"line":69,"column":14}}],"line":69},"1":{"loc":{"start":{"line":70,"column":2},"end":{"line":70,"column":32}},"type":"default-arg","locations":[{"start":{"line":70,"column":14},"end":{"line":70,"column":32}}],"line":70},"2":{"loc":{"start":{"line":71,"column":2},"end":{"line":71,"column":70}},"type":"default-arg","locations":[{"start":{"line":71,"column":16},"end":{"line":71,"column":70}}],"line":71},"3":{"loc":{"start":{"line":72,"column":2},"end":{"line":72,"column":24}},"type":"default-arg","locations":[{"start":{"line":72,"column":16},"end":{"line":72,"column":24}}],"line":72},"4":{"loc":{"start":{"line":73,"column":2},"end":{"line":73,"column":27}},"type":"default-arg","locations":[{"start":{"line":73,"column":23},"end":{"line":73,"column":27}}],"line":73},"5":{"loc":{"start":{"line":75,"column":2},"end":{"line":75,"column":26}},"type":"default-arg","locations":[{"start":{"line":75,"column":17},"end":{"line":75,"column":26}}],"line":75},"6":{"loc":{"start":{"line":76,"column":2},"end":{"line":76,"column":29}},"type":"default-arg","locations":[{"start":{"line":76,"column":20},"end":{"line":76,"column":29}}],"line":76},"7":{"loc":{"start":{"line":80,"column":2},"end":{"line":80,"column":20}},"type":"default-arg","locations":[{"start":{"line":80,"column":18},"end":{"line":80,"column":20}}],"line":80},"8":{"loc":{"start":{"line":81,"column":2},"end":{"line":81,"column":26}},"type":"default-arg","locations":[{"start":{"line":81,"column":24},"end":{"line":81,"column":26}}],"line":81},"9":{"loc":{"start":{"line":82,"column":2},"end":{"line":82,"column":26}},"type":"default-arg","locations":[{"start":{"line":82,"column":24},"end":{"line":82,"column":26}}],"line":82},"10":{"loc":{"start":{"line":100,"column":6},"end":{"line":144,"column":7}},"type":"if","locations":[{"start":{"line":100,"column":6},"end":{"line":144,"column":7}},{"start":{},"end":{}}],"line":100},"11":{"loc":{"start":{"line":100,"column":10},"end":{"line":100,"column":61}},"type":"binary-expr","locations":[{"start":{"line":100,"column":10},"end":{"line":100,"column":32}},{"start":{"line":100,"column":36},"end":{"line":100,"column":61}}],"line":100},"12":{"loc":{"start":{"line":112,"column":30},"end":{"line":112,"column":57}},"type":"binary-expr","locations":[{"start":{"line":112,"column":30},"end":{"line":112,"column":52}},{"start":{"line":112,"column":56},"end":{"line":112,"column":57}}],"line":112},"13":{"loc":{"start":{"line":113,"column":29},"end":{"line":113,"column":55}},"type":"binary-expr","locations":[{"start":{"line":113,"column":29},"end":{"line":113,"column":50}},{"start":{"line":113,"column":54},"end":{"line":113,"column":55}}],"line":113},"14":{"loc":{"start":{"line":115,"column":10},"end":{"line":139,"column":11}},"type":"if","locations":[{"start":{"line":115,"column":10},"end":{"line":139,"column":11}},{"start":{"line":135,"column":17},"end":{"line":139,"column":11}}],"line":115},"15":{"loc":{"start":{"line":116,"column":12},"end":{"line":133,"column":13}},"type":"if","locations":[{"start":{"line":116,"column":12},"end":{"line":133,"column":13}},{"start":{"line":130,"column":19},"end":{"line":133,"column":13}}],"line":116},"16":{"loc":{"start":{"line":120,"column":14},"end":{"line":129,"column":15}},"type":"if","locations":[{"start":{"line":120,"column":14},"end":{"line":129,"column":15}},{"start":{"line":127,"column":21},"end":{"line":129,"column":15}}],"line":120},"17":{"loc":{"start":{"line":135,"column":17},"end":{"line":139,"column":11}},"type":"if","locations":[{"start":{"line":135,"column":17},"end":{"line":139,"column":11}},{"start":{},"end":{}}],"line":135},"18":{"loc":{"start":{"line":156,"column":6},"end":{"line":199,"column":7}},"type":"if","locations":[{"start":{"line":156,"column":6},"end":{"line":199,"column":7}},{"start":{},"end":{}}],"line":156},"19":{"loc":{"start":{"line":156,"column":10},"end":{"line":156,"column":57}},"type":"binary-expr","locations":[{"start":{"line":156,"column":10},"end":{"line":156,"column":30}},{"start":{"line":156,"column":34},"end":{"line":156,"column":57}}],"line":156},"20":{"loc":{"start":{"line":167,"column":30},"end":{"line":167,"column":57}},"type":"binary-expr","locations":[{"start":{"line":167,"column":30},"end":{"line":167,"column":52}},{"start":{"line":167,"column":56},"end":{"line":167,"column":57}}],"line":167},"21":{"loc":{"start":{"line":168,"column":29},"end":{"line":168,"column":55}},"type":"binary-expr","locations":[{"start":{"line":168,"column":29},"end":{"line":168,"column":50}},{"start":{"line":168,"column":54},"end":{"line":168,"column":55}}],"line":168},"22":{"loc":{"start":{"line":170,"column":10},"end":{"line":194,"column":11}},"type":"if","locations":[{"start":{"line":170,"column":10},"end":{"line":194,"column":11}},{"start":{"line":190,"column":17},"end":{"line":194,"column":11}}],"line":170},"23":{"loc":{"start":{"line":171,"column":12},"end":{"line":188,"column":13}},"type":"if","locations":[{"start":{"line":171,"column":12},"end":{"line":188,"column":13}},{"start":{"line":185,"column":19},"end":{"line":188,"column":13}}],"line":171},"24":{"loc":{"start":{"line":175,"column":14},"end":{"line":184,"column":15}},"type":"if","locations":[{"start":{"line":175,"column":14},"end":{"line":184,"column":15}},{"start":{"line":182,"column":21},"end":{"line":184,"column":15}}],"line":175},"25":{"loc":{"start":{"line":190,"column":17},"end":{"line":194,"column":11}},"type":"if","locations":[{"start":{"line":190,"column":17},"end":{"line":194,"column":11}},{"start":{},"end":{}}],"line":190},"26":{"loc":{"start":{"line":206,"column":4},"end":{"line":235,"column":5}},"type":"if","locations":[{"start":{"line":206,"column":4},"end":{"line":235,"column":5}},{"start":{"line":218,"column":11},"end":{"line":235,"column":5}}],"line":206},"27":{"loc":{"start":{"line":214,"column":6},"end":{"line":217,"column":7}},"type":"if","locations":[{"start":{"line":214,"column":6},"end":{"line":217,"column":7}},{"start":{},"end":{}}],"line":214},"28":{"loc":{"start":{"line":214,"column":10},"end":{"line":214,"column":39}},"type":"binary-expr","locations":[{"start":{"line":214,"column":10},"end":{"line":214,"column":21}},{"start":{"line":214,"column":25},"end":{"line":214,"column":39}}],"line":214},"29":{"loc":{"start":{"line":226,"column":6},"end":{"line":234,"column":7}},"type":"if","locations":[{"start":{"line":226,"column":6},"end":{"line":234,"column":7}},{"start":{},"end":{}}],"line":226},"30":{"loc":{"start":{"line":226,"column":10},"end":{"line":226,"column":53}},"type":"binary-expr","locations":[{"start":{"line":226,"column":10},"end":{"line":226,"column":28}},{"start":{"line":226,"column":32},"end":{"line":226,"column":53}}],"line":226},"31":{"loc":{"start":{"line":230,"column":8},"end":{"line":233,"column":9}},"type":"if","locations":[{"start":{"line":230,"column":8},"end":{"line":233,"column":9}},{"start":{},"end":{}}],"line":230},"32":{"loc":{"start":{"line":230,"column":12},"end":{"line":230,"column":41}},"type":"binary-expr","locations":[{"start":{"line":230,"column":12},"end":{"line":230,"column":23}},{"start":{"line":230,"column":27},"end":{"line":230,"column":41}}],"line":230},"33":{"loc":{"start":{"line":243,"column":6},"end":{"line":264,"column":7}},"type":"if","locations":[{"start":{"line":243,"column":6},"end":{"line":264,"column":7}},{"start":{"line":259,"column":13},"end":{"line":264,"column":7}}],"line":243},"34":{"loc":{"start":{"line":244,"column":8},"end":{"line":258,"column":9}},"type":"if","locations":[{"start":{"line":244,"column":8},"end":{"line":258,"column":9}},{"start":{"line":246,"column":15},"end":{"line":258,"column":9}}],"line":244},"35":{"loc":{"start":{"line":252,"column":10},"end":{"line":257,"column":11}},"type":"if","locations":[{"start":{"line":252,"column":10},"end":{"line":257,"column":11}},{"start":{"line":255,"column":17},"end":{"line":257,"column":11}}],"line":252},"36":{"loc":{"start":{"line":271,"column":20},"end":{"line":271,"column":74}},"type":"cond-expr","locations":[{"start":{"line":271,"column":43},"end":{"line":271,"column":55}},{"start":{"line":271,"column":58},"end":{"line":271,"column":74}}],"line":271},"37":{"loc":{"start":{"line":275,"column":4},"end":{"line":279,"column":5}},"type":"if","locations":[{"start":{"line":275,"column":4},"end":{"line":279,"column":5}},{"start":{"line":277,"column":11},"end":{"line":279,"column":5}}],"line":275},"38":{"loc":{"start":{"line":280,"column":4},"end":{"line":282,"column":5}},"type":"if","locations":[{"start":{"line":280,"column":4},"end":{"line":282,"column":5}},{"start":{},"end":{}}],"line":280},"39":{"loc":{"start":{"line":313,"column":30},"end":{"line":313,"column":75}},"type":"cond-expr","locations":[{"start":{"line":313,"column":48},"end":{"line":313,"column":63}},{"start":{"line":313,"column":66},"end":{"line":313,"column":75}}],"line":313},"40":{"loc":{"start":{"line":326,"column":30},"end":{"line":328,"column":31}},"type":"cond-expr","locations":[{"start":{"line":327,"column":22},"end":{"line":327,"column":43}},{"start":{"line":328,"column":22},"end":{"line":328,"column":31}}],"line":326},"41":{"loc":{"start":{"line":338,"column":15},"end":{"line":358,"column":15}},"type":"binary-expr","locations":[{"start":{"line":338,"column":15},"end":{"line":338,"column":33}},{"start":{"line":339,"column":16},"end":{"line":357,"column":35}}],"line":338},"42":{"loc":{"start":{"line":348,"column":36},"end":{"line":350,"column":37}},"type":"cond-expr","locations":[{"start":{"line":349,"column":28},"end":{"line":349,"column":49}},{"start":{"line":350,"column":28},"end":{"line":350,"column":37}}],"line":348},"43":{"loc":{"start":{"line":359,"column":15},"end":{"line":401,"column":15}},"type":"binary-expr","locations":[{"start":{"line":359,"column":15},"end":{"line":359,"column":32}},{"start":{"line":360,"column":16},"end":{"line":400,"column":23}}],"line":359},"44":{"loc":{"start":{"line":370,"column":38},"end":{"line":372,"column":39}},"type":"cond-expr","locations":[{"start":{"line":371,"column":30},"end":{"line":371,"column":51}},{"start":{"line":372,"column":30},"end":{"line":372,"column":39}}],"line":370},"45":{"loc":{"start":{"line":389,"column":38},"end":{"line":391,"column":39}},"type":"cond-expr","locations":[{"start":{"line":390,"column":30},"end":{"line":390,"column":51}},{"start":{"line":391,"column":30},"end":{"line":391,"column":39}}],"line":389},"46":{"loc":{"start":{"line":406,"column":7},"end":{"line":421,"column":7}},"type":"cond-expr","locations":[{"start":{"line":407,"column":8},"end":{"line":418,"column":10}},{"start":{"line":420,"column":8},"end":{"line":420,"column":13}}],"line":406},"47":{"loc":{"start":{"line":406,"column":7},"end":{"line":406,"column":41}},"type":"binary-expr","locations":[{"start":{"line":406,"column":7},"end":{"line":406,"column":25}},{"start":{"line":406,"column":29},"end":{"line":406,"column":41}}],"line":406},"48":{"loc":{"start":{"line":427,"column":2},"end":{"line":427,"column":25}},"type":"default-arg","locations":[{"start":{"line":427,"column":20},"end":{"line":427,"column":25}}],"line":427},"49":{"loc":{"start":{"line":431,"column":2},"end":{"line":431,"column":14}},"type":"default-arg","locations":[{"start":{"line":431,"column":9},"end":{"line":431,"column":14}}],"line":431},"50":{"loc":{"start":{"line":432,"column":2},"end":{"line":432,"column":32}},"type":"default-arg","locations":[{"start":{"line":432,"column":14},"end":{"line":432,"column":32}}],"line":432},"51":{"loc":{"start":{"line":433,"column":2},"end":{"line":433,"column":70}},"type":"default-arg","locations":[{"start":{"line":433,"column":16},"end":{"line":433,"column":70}}],"line":433},"52":{"loc":{"start":{"line":434,"column":2},"end":{"line":434,"column":24}},"type":"default-arg","locations":[{"start":{"line":434,"column":16},"end":{"line":434,"column":24}}],"line":434},"53":{"loc":{"start":{"line":435,"column":2},"end":{"line":435,"column":26}},"type":"default-arg","locations":[{"start":{"line":435,"column":17},"end":{"line":435,"column":26}}],"line":435},"54":{"loc":{"start":{"line":436,"column":2},"end":{"line":436,"column":29}},"type":"default-arg","locations":[{"start":{"line":436,"column":20},"end":{"line":436,"column":29}}],"line":436},"55":{"loc":{"start":{"line":437,"column":2},"end":{"line":437,"column":27}},"type":"default-arg","locations":[{"start":{"line":437,"column":23},"end":{"line":437,"column":27}}],"line":437},"56":{"loc":{"start":{"line":444,"column":2},"end":{"line":444,"column":20}},"type":"default-arg","locations":[{"start":{"line":444,"column":18},"end":{"line":444,"column":20}}],"line":444},"57":{"loc":{"start":{"line":445,"column":2},"end":{"line":445,"column":26}},"type":"default-arg","locations":[{"start":{"line":445,"column":24},"end":{"line":445,"column":26}}],"line":445},"58":{"loc":{"start":{"line":446,"column":2},"end":{"line":446,"column":26}},"type":"default-arg","locations":[{"start":{"line":446,"column":24},"end":{"line":446,"column":26}}],"line":446},"59":{"loc":{"start":{"line":452,"column":4},"end":{"line":480,"column":5}},"type":"if","locations":[{"start":{"line":452,"column":4},"end":{"line":480,"column":5}},{"start":{"line":463,"column":11},"end":{"line":480,"column":5}}],"line":452},"60":{"loc":{"start":{"line":459,"column":6},"end":{"line":462,"column":7}},"type":"if","locations":[{"start":{"line":459,"column":6},"end":{"line":462,"column":7}},{"start":{},"end":{}}],"line":459},"61":{"loc":{"start":{"line":459,"column":10},"end":{"line":459,"column":39}},"type":"binary-expr","locations":[{"start":{"line":459,"column":10},"end":{"line":459,"column":21}},{"start":{"line":459,"column":25},"end":{"line":459,"column":39}}],"line":459},"62":{"loc":{"start":{"line":471,"column":6},"end":{"line":479,"column":7}},"type":"if","locations":[{"start":{"line":471,"column":6},"end":{"line":479,"column":7}},{"start":{},"end":{}}],"line":471},"63":{"loc":{"start":{"line":471,"column":10},"end":{"line":471,"column":53}},"type":"binary-expr","locations":[{"start":{"line":471,"column":10},"end":{"line":471,"column":28}},{"start":{"line":471,"column":32},"end":{"line":471,"column":53}}],"line":471},"64":{"loc":{"start":{"line":475,"column":8},"end":{"line":478,"column":9}},"type":"if","locations":[{"start":{"line":475,"column":8},"end":{"line":478,"column":9}},{"start":{},"end":{}}],"line":475},"65":{"loc":{"start":{"line":475,"column":12},"end":{"line":475,"column":41}},"type":"binary-expr","locations":[{"start":{"line":475,"column":12},"end":{"line":475,"column":23}},{"start":{"line":475,"column":27},"end":{"line":475,"column":41}}],"line":475},"66":{"loc":{"start":{"line":488,"column":6},"end":{"line":509,"column":7}},"type":"if","locations":[{"start":{"line":488,"column":6},"end":{"line":509,"column":7}},{"start":{"line":504,"column":13},"end":{"line":509,"column":7}}],"line":488},"67":{"loc":{"start":{"line":489,"column":8},"end":{"line":503,"column":9}},"type":"if","locations":[{"start":{"line":489,"column":8},"end":{"line":503,"column":9}},{"start":{"line":491,"column":15},"end":{"line":503,"column":9}}],"line":489},"68":{"loc":{"start":{"line":497,"column":10},"end":{"line":502,"column":11}},"type":"if","locations":[{"start":{"line":497,"column":10},"end":{"line":502,"column":11}},{"start":{"line":500,"column":17},"end":{"line":502,"column":11}}],"line":497},"69":{"loc":{"start":{"line":516,"column":20},"end":{"line":516,"column":74}},"type":"cond-expr","locations":[{"start":{"line":516,"column":43},"end":{"line":516,"column":55}},{"start":{"line":516,"column":58},"end":{"line":516,"column":74}}],"line":516},"70":{"loc":{"start":{"line":520,"column":4},"end":{"line":522,"column":5}},"type":"if","locations":[{"start":{"line":520,"column":4},"end":{"line":522,"column":5}},{"start":{},"end":{}}],"line":520},"71":{"loc":{"start":{"line":553,"column":30},"end":{"line":553,"column":75}},"type":"cond-expr","locations":[{"start":{"line":553,"column":48},"end":{"line":553,"column":63}},{"start":{"line":553,"column":66},"end":{"line":553,"column":75}}],"line":553},"72":{"loc":{"start":{"line":566,"column":30},"end":{"line":568,"column":31}},"type":"cond-expr","locations":[{"start":{"line":567,"column":22},"end":{"line":567,"column":43}},{"start":{"line":568,"column":22},"end":{"line":568,"column":31}}],"line":566},"73":{"loc":{"start":{"line":577,"column":13},"end":{"line":597,"column":13}},"type":"binary-expr","locations":[{"start":{"line":577,"column":13},"end":{"line":577,"column":30}},{"start":{"line":578,"column":14},"end":{"line":596,"column":33}}],"line":577},"74":{"loc":{"start":{"line":587,"column":34},"end":{"line":589,"column":35}},"type":"cond-expr","locations":[{"start":{"line":588,"column":26},"end":{"line":588,"column":47}},{"start":{"line":589,"column":26},"end":{"line":589,"column":35}}],"line":587},"75":{"loc":{"start":{"line":598,"column":13},"end":{"line":640,"column":13}},"type":"binary-expr","locations":[{"start":{"line":598,"column":13},"end":{"line":598,"column":31}},{"start":{"line":599,"column":14},"end":{"line":639,"column":21}}],"line":598},"76":{"loc":{"start":{"line":609,"column":36},"end":{"line":611,"column":37}},"type":"cond-expr","locations":[{"start":{"line":610,"column":28},"end":{"line":610,"column":49}},{"start":{"line":611,"column":28},"end":{"line":611,"column":37}}],"line":609},"77":{"loc":{"start":{"line":628,"column":36},"end":{"line":630,"column":37}},"type":"cond-expr","locations":[{"start":{"line":629,"column":28},"end":{"line":629,"column":49}},{"start":{"line":630,"column":28},"end":{"line":630,"column":37}}],"line":628},"78":{"loc":{"start":{"line":644,"column":7},"end":{"line":659,"column":7}},"type":"cond-expr","locations":[{"start":{"line":645,"column":8},"end":{"line":656,"column":10}},{"start":{"line":658,"column":8},"end":{"line":658,"column":13}}],"line":644},"79":{"loc":{"start":{"line":644,"column":7},"end":{"line":644,"column":41}},"type":"binary-expr","locations":[{"start":{"line":644,"column":7},"end":{"line":644,"column":25}},{"start":{"line":644,"column":29},"end":{"line":644,"column":41}}],"line":644}},"s":{"0":5,"1":5,"2":5,"3":5,"4":5,"5":35,"6":35,"7":35,"8":35,"9":35,"10":35,"11":0,"12":0,"13":0,"14":0,"15":0,"16":0,"17":0,"18":0,"19":0,"20":0,"21":0,"22":0,"23":0,"24":0,"25":0,"26":0,"27":0,"28":0,"29":0,"30":0,"31":0,"32":0,"33":0,"34":0,"35":0,"36":0,"37":0,"38":0,"39":0,"40":0,"41":0,"42":35,"43":17,"44":17,"45":17,"46":17,"47":17,"48":17,"49":17,"50":17,"51":17,"52":17,"53":17,"54":43,"55":43,"56":43,"57":14,"58":6,"59":6,"60":6,"61":6,"62":6,"63":0,"64":8,"65":8,"66":14,"67":29,"68":0,"69":0,"70":0,"71":3,"72":3,"73":0,"74":35,"75":2,"76":0,"77":0,"78":0,"79":0,"80":0,"81":0,"82":2,"83":2,"84":2,"85":2,"86":1,"87":1,"88":1,"89":1,"90":35,"91":15,"92":15,"93":15,"94":3,"95":0,"96":3,"97":3,"98":1,"99":1,"100":2,"101":12,"102":0,"103":35,"104":5,"105":35,"106":17,"107":17,"108":0,"109":17,"110":15,"111":35,"112":0,"113":1,"114":5,"115":16,"116":16,"117":16,"118":2,"119":0,"120":0,"121":0,"122":0,"123":0,"124":0,"125":2,"126":2,"127":2,"128":2,"129":1,"130":1,"131":1,"132":1,"133":16,"134":11,"135":11,"136":11,"137":3,"138":0,"139":3,"140":3,"141":1,"142":1,"143":2,"144":8,"145":0,"146":16,"147":4,"148":16,"149":12,"150":11,"151":16,"152":0,"153":5,"154":5},"f":{"0":35,"1":0,"2":17,"3":2,"4":15,"5":5,"6":17,"7":0,"8":1,"9":16,"10":2,"11":11,"12":4,"13":12,"14":0},"b":{"0":[35],"1":[31],"2":[31],"3":[35],"4":[28],"5":[35],"6":[35],"7":[35],"8":[35],"9":[35],"10":[0,0],"11":[0,0],"12":[0,0],"13":[0,0],"14":[0,0],"15":[0,0],"16":[0,0],"17":[0,0],"18":[17,0],"19":[17,17],"20":[43,17],"21":[43,3],"22":[14,29],"23":[6,8],"24":[6,0],"25":[0,29],"26":[0,2],"27":[0,0],"28":[0,0],"29":[1,1],"30":[2,1],"31":[1,0],"32":[1,1],"33":[3,12],"34":[0,3],"35":[1,2],"36":[5,0],"37":[17,0],"38":[15,2],"39":[0,35],"40":[0,35],"41":[35,28],"42":[0,28],"43":[35,7],"44":[0,7],"45":[0,7],"46":[2,33],"47":[35,31],"48":[0],"49":[16],"50":[15],"51":[15],"52":[16],"53":[16],"54":[16],"55":[14],"56":[16],"57":[16],"58":[16],"59":[0,2],"60":[0,0],"61":[0,0],"62":[1,1],"63":[2,1],"64":[1,0],"65":[1,1],"66":[3,8],"67":[0,3],"68":[1,2],"69":[4,0],"70":[11,1],"71":[0,16],"72":[0,16],"73":[16,1],"74":[0,1],"75":[16,15],"76":[0,15],"77":[0,15],"78":[2,14],"79":[16,14]},"_coverageSchema":"1a1c01bbd47fc00a2c39e90264f33305004495a9","hash":"472636e7c88a308649115bb1ad9ef81979f8762a"}
,"/Users/tharunm/Work/mobileapps/react-native-app-update-helper/src/components/AppUpdatedOverlay.tsx": {"path":"/Users/tharunm/Work/mobileapps/react-native-app-update-helper/src/components/AppUpdatedOverlay.tsx","statementMap":{"0":{"start":{"line":13,"column":26},"end":{"line":13,"column":50}},"1":{"start":{"line":28,"column":67},"end":{"line":130,"column":1}},"2":{"start":{"line":40,"column":46},"end":{"line":40,"column":69}},"3":{"start":{"line":42,"column":2},"end":{"line":129,"column":4}},"4":{"start":{"line":85,"column":16},"end":{"line":102,"column":18}},"5":{"start":{"line":108,"column":14},"end":{"line":108,"column":39}},"6":{"start":{"line":132,"column":19},"end":{"line":147,"column":1}},"7":{"start":{"line":149,"column":15},"end":{"line":208,"column":2}}},"fnMap":{"0":{"name":"(anonymous_0)","decl":{"start":{"line":28,"column":67},"end":{"line":28,"column":68}},"loc":{"start":{"line":39,"column":6},"end":{"line":130,"column":1}},"line":39},"1":{"name":"(anonymous_1)","decl":{"start":{"line":84,"column":19},"end":{"line":84,"column":20}},"loc":{"start":{"line":84,"column":36},"end":{"line":103,"column":15}},"line":84},"2":{"name":"(anonymous_2)","decl":{"start":{"line":107,"column":21},"end":{"line":107,"column":22}},"loc":{"start":{"line":107,"column":27},"end":{"line":109,"column":13}},"line":107}},"branchMap":{"0":{"loc":{"start":{"line":31,"column":2},"end":{"line":31,"column":26}},"type":"default-arg","locations":[{"start":{"line":31,"column":17},"end":{"line":31,"column":26}}],"line":31},"1":{"loc":{"start":{"line":32,"column":2},"end":{"line":32,"column":29}},"type":"default-arg","locations":[{"start":{"line":32,"column":20},"end":{"line":32,"column":29}}],"line":32},"2":{"loc":{"start":{"line":54,"column":28},"end":{"line":54,"column":73}},"type":"cond-expr","locations":[{"start":{"line":54,"column":46},"end":{"line":54,"column":61}},{"start":{"line":54,"column":64},"end":{"line":54,"column":73}}],"line":54},"3":{"loc":{"start":{"line":66,"column":28},"end":{"line":68,"column":29}},"type":"cond-expr","locations":[{"start":{"line":67,"column":20},"end":{"line":67,"column":41}},{"start":{"line":68,"column":20},"end":{"line":68,"column":29}}],"line":66},"4":{"loc":{"start":{"line":83,"column":21},"end":{"line":83,"column":62}},"type":"cond-expr","locations":[{"start":{"line":83,"column":45},"end":{"line":83,"column":53}},{"start":{"line":83,"column":56},"end":{"line":83,"column":62}}],"line":83},"5":{"loc":{"start":{"line":92,"column":36},"end":{"line":94,"column":37}},"type":"cond-expr","locations":[{"start":{"line":93,"column":28},"end":{"line":93,"column":49}},{"start":{"line":94,"column":28},"end":{"line":94,"column":37}}],"line":92},"6":{"loc":{"start":{"line":116,"column":30},"end":{"line":118,"column":31}},"type":"cond-expr","locations":[{"start":{"line":117,"column":22},"end":{"line":117,"column":43}},{"start":{"line":118,"column":22},"end":{"line":118,"column":31}}],"line":116}},"s":{"0":5,"1":5,"2":8,"3":8,"4":8,"5":4,"6":5,"7":5},"f":{"0":8,"1":8,"2":4},"b":{"0":[0],"1":[0],"2":[0,8],"3":[0,8],"4":[8,0],"5":[0,8],"6":[0,8]},"_coverageSchema":"1a1c01bbd47fc00a2c39e90264f33305004495a9","hash":"89b5b989811c391d82a4999d02ba63c00d52e66e"}
,"/Users/tharunm/Work/mobileapps/react-native-app-update-helper/src/components/store.tsx": {"path":"/Users/tharunm/Work/mobileapps/react-native-app-update-helper/src/components/store.tsx","statementMap":{"0":{"start":{"line":8,"column":23},"end":{"line":18,"column":1}},"1":{"start":{"line":11,"column":2},"end":{"line":17,"column":3}},"2":{"start":{"line":12,"column":24},"end":{"line":12,"column":67}},"3":{"start":{"line":14,"column":4},"end":{"line":14,"column":23}},"4":{"start":{"line":16,"column":4},"end":{"line":16,"column":52}},"5":{"start":{"line":20,"column":19},"end":{"line":29,"column":1}},"6":{"start":{"line":24,"column":2},"end":{"line":28,"column":3}},"7":{"start":{"line":25,"column":4},"end":{"line":25,"column":62}},"8":{"start":{"line":27,"column":4},"end":{"line":27,"column":52}}},"fnMap":{"0":{"name":"(anonymous_0)","decl":{"start":{"line":8,"column":23},"end":{"line":8,"column":24}},"loc":{"start":{"line":10,"column":40},"end":{"line":18,"column":1}},"line":10},"1":{"name":"(anonymous_1)","decl":{"start":{"line":20,"column":19},"end":{"line":20,"column":20}},"loc":{"start":{"line":23,"column":26},"end":{"line":29,"column":1}},"line":23}},"branchMap":{"0":{"loc":{"start":{"line":22,"column":2},"end":{"line":22,"column":19}},"type":"default-arg","locations":[{"start":{"line":22,"column":17},"end":{"line":22,"column":19}}],"line":22}},"s":{"0":5,"1":32,"2":32,"3":32,"4":0,"5":5,"6":32,"7":32,"8":0},"f":{"0":32,"1":32},"b":{"0":[2]},"_coverageSchema":"1a1c01bbd47fc00a2c39e90264f33305004495a9","hash":"234ea74b90c5797ebbbef9501b183e65246f6428"}
}
