TN:
SF:src/alertImage.png
FNF:0
FNH:0
DA:1,5
LF:1
LH:1
BRF:0
BRH:0
end_of_record
TN:
SF:src/index.tsx
FN:65,(anonymous_0)
FN:93,(anonymous_1)
FN:150,(anonymous_2)
FN:205,(anonymous_3)
FN:238,(anonymous_4)
FN:270,(anonymous_5)
FN:274,(anonymous_6)
FN:299,(anonymous_7)
FN:382,(anonymous_8)
FN:426,(anonymous_9)
FN:451,(anonymous_10)
FN:483,(anonymous_11)
FN:515,(anonymous_12)
FN:519,(anonymous_13)
FN:538,(anonymous_14)
FNF:15
FNH:12
FNDA:35,(anonymous_0)
FNDA:0,(anonymous_1)
FNDA:17,(anonymous_2)
FNDA:2,(anonymous_3)
FNDA:15,(anonymous_4)
FNDA:5,(anonymous_5)
FNDA:17,(anonymous_6)
FNDA:0,(anonymous_7)
FNDA:1,(anonymous_8)
FNDA:16,(anonymous_9)
FNDA:2,(anonymous_10)
FNDA:11,(anonymous_11)
FNDA:4,(anonymous_12)
FNDA:12,(anonymous_13)
FNDA:0,(anonymous_14)
DA:59,5
DA:60,5
DA:62,5
DA:63,5
DA:65,5
DA:85,35
DA:86,35
DA:89,35
DA:90,35
DA:91,35
DA:93,35
DA:94,0
DA:95,0
DA:96,0
DA:97,0
DA:100,0
DA:101,0
DA:103,0
DA:104,0
DA:105,0
DA:107,0
DA:108,0
DA:112,0
DA:113,0
DA:115,0
DA:116,0
DA:117,0
DA:120,0
DA:121,0
DA:125,0
DA:126,0
DA:128,0
DA:131,0
DA:132,0
DA:134,0
DA:135,0
DA:136,0
DA:137,0
DA:138,0
DA:142,0
DA:143,0
DA:146,0
DA:150,35
DA:151,17
DA:152,17
DA:153,17
DA:154,17
DA:156,17
DA:157,17
DA:158,17
DA:159,17
DA:160,17
DA:162,17
DA:163,17
DA:167,43
DA:168,43
DA:170,43
DA:171,14
DA:172,6
DA:175,6
DA:176,6
DA:180,6
DA:181,6
DA:183,0
DA:186,8
DA:187,8
DA:189,14
DA:190,29
DA:191,0
DA:192,0
DA:193,0
DA:197,3
DA:198,3
DA:201,0
DA:205,35
DA:206,2
DA:207,0
DA:208,0
DA:210,0
DA:214,0
DA:215,0
DA:216,0
DA:219,2
DA:221,2
DA:222,2
DA:226,2
DA:227,1
DA:230,1
DA:231,1
DA:232,1
DA:238,35
DA:239,15
DA:240,15
DA:243,15
DA:244,3
DA:245,0
DA:247,3
DA:252,3
DA:253,1
DA:254,1
DA:256,2
DA:260,12
DA:266,0
DA:270,35
DA:271,5
DA:274,35
DA:275,17
DA:276,17
DA:278,0
DA:280,17
DA:281,15
DA:293,35
DA:300,0
DA:382,1
DA:426,5
DA:448,16
DA:449,16
DA:451,16
DA:452,2
DA:453,0
DA:454,0
DA:455,0
DA:459,0
DA:460,0
DA:461,0
DA:464,2
DA:466,2
DA:467,2
DA:471,2
DA:472,1
DA:475,1
DA:476,1
DA:477,1
DA:483,16
DA:484,11
DA:485,11
DA:488,11
DA:489,3
DA:490,0
DA:492,3
DA:497,3
DA:498,1
DA:499,1
DA:501,2
DA:505,8
DA:511,0
DA:515,16
DA:516,4
DA:519,16
DA:520,12
DA:521,11
DA:532,16
DA:539,0
DA:664,5
DA:682,5
LF:155
LH:100
BRDA:69,0,0,35
BRDA:70,1,0,31
BRDA:71,2,0,31
BRDA:72,3,0,35
BRDA:73,4,0,28
BRDA:75,5,0,35
BRDA:76,6,0,35
BRDA:80,7,0,35
BRDA:81,8,0,35
BRDA:82,9,0,35
BRDA:100,10,0,0
BRDA:100,10,1,0
BRDA:100,11,0,0
BRDA:100,11,1,0
BRDA:112,12,0,0
BRDA:112,12,1,0
BRDA:113,13,0,0
BRDA:113,13,1,0
BRDA:115,14,0,0
BRDA:115,14,1,0
BRDA:116,15,0,0
BRDA:116,15,1,0
BRDA:120,16,0,0
BRDA:120,16,1,0
BRDA:135,17,0,0
BRDA:135,17,1,0
BRDA:156,18,0,17
BRDA:156,18,1,0
BRDA:156,19,0,17
BRDA:156,19,1,17
BRDA:167,20,0,43
BRDA:167,20,1,17
BRDA:168,21,0,43
BRDA:168,21,1,3
BRDA:170,22,0,14
BRDA:170,22,1,29
BRDA:171,23,0,6
BRDA:171,23,1,8
BRDA:175,24,0,6
BRDA:175,24,1,0
BRDA:190,25,0,0
BRDA:190,25,1,29
BRDA:206,26,0,0
BRDA:206,26,1,2
BRDA:214,27,0,0
BRDA:214,27,1,0
BRDA:214,28,0,0
BRDA:214,28,1,0
BRDA:226,29,0,1
BRDA:226,29,1,1
BRDA:226,30,0,2
BRDA:226,30,1,1
BRDA:230,31,0,1
BRDA:230,31,1,0
BRDA:230,32,0,1
BRDA:230,32,1,1
BRDA:243,33,0,3
BRDA:243,33,1,12
BRDA:244,34,0,0
BRDA:244,34,1,3
BRDA:252,35,0,1
BRDA:252,35,1,2
BRDA:271,36,0,5
BRDA:271,36,1,0
BRDA:275,37,0,17
BRDA:275,37,1,0
BRDA:280,38,0,15
BRDA:280,38,1,2
BRDA:313,39,0,0
BRDA:313,39,1,35
BRDA:326,40,0,0
BRDA:326,40,1,35
BRDA:338,41,0,35
BRDA:338,41,1,28
BRDA:348,42,0,0
BRDA:348,42,1,28
BRDA:359,43,0,35
BRDA:359,43,1,7
BRDA:370,44,0,0
BRDA:370,44,1,7
BRDA:389,45,0,0
BRDA:389,45,1,7
BRDA:406,46,0,2
BRDA:406,46,1,33
BRDA:406,47,0,35
BRDA:406,47,1,31
BRDA:427,48,0,0
BRDA:431,49,0,16
BRDA:432,50,0,15
BRDA:433,51,0,15
BRDA:434,52,0,16
BRDA:435,53,0,16
BRDA:436,54,0,16
BRDA:437,55,0,14
BRDA:444,56,0,16
BRDA:445,57,0,16
BRDA:446,58,0,16
BRDA:452,59,0,0
BRDA:452,59,1,2
BRDA:459,60,0,0
BRDA:459,60,1,0
BRDA:459,61,0,0
BRDA:459,61,1,0
BRDA:471,62,0,1
BRDA:471,62,1,1
BRDA:471,63,0,2
BRDA:471,63,1,1
BRDA:475,64,0,1
BRDA:475,64,1,0
BRDA:475,65,0,1
BRDA:475,65,1,1
BRDA:488,66,0,3
BRDA:488,66,1,8
BRDA:489,67,0,0
BRDA:489,67,1,3
BRDA:497,68,0,1
BRDA:497,68,1,2
BRDA:516,69,0,4
BRDA:516,69,1,0
BRDA:520,70,0,11
BRDA:520,70,1,1
BRDA:553,71,0,0
BRDA:553,71,1,16
BRDA:566,72,0,0
BRDA:566,72,1,16
BRDA:577,73,0,16
BRDA:577,73,1,1
BRDA:587,74,0,0
BRDA:587,74,1,1
BRDA:598,75,0,16
BRDA:598,75,1,15
BRDA:609,76,0,0
BRDA:609,76,1,15
BRDA:628,77,0,0
BRDA:628,77,1,15
BRDA:644,78,0,2
BRDA:644,78,1,14
BRDA:644,79,0,16
BRDA:644,79,1,14
BRF:139
BRH:92
end_of_record
TN:
SF:src/components/AppUpdatedOverlay.tsx
FN:28,(anonymous_0)
FN:84,(anonymous_1)
FN:107,(anonymous_2)
FNF:3
FNH:3
FNDA:8,(anonymous_0)
FNDA:8,(anonymous_1)
FNDA:4,(anonymous_2)
DA:13,5
DA:28,5
DA:40,8
DA:42,8
DA:85,8
DA:108,4
DA:132,5
DA:149,5
LF:8
LH:8
BRDA:31,0,0,0
BRDA:32,1,0,0
BRDA:54,2,0,0
BRDA:54,2,1,8
BRDA:66,3,0,0
BRDA:66,3,1,8
BRDA:83,4,0,8
BRDA:83,4,1,0
BRDA:92,5,0,0
BRDA:92,5,1,8
BRDA:116,6,0,0
BRDA:116,6,1,8
BRF:12
BRH:5
end_of_record
TN:
SF:src/components/store.tsx
FN:8,(anonymous_0)
FN:20,(anonymous_1)
FNF:2
FNH:2
FNDA:32,(anonymous_0)
FNDA:32,(anonymous_1)
DA:8,5
DA:11,32
DA:12,32
DA:14,32
DA:16,0
DA:20,5
DA:24,32
DA:25,32
DA:27,0
LF:9
LH:7
BRDA:22,0,0,2
BRF:1
BRH:1
end_of_record
